build/outputs/logs/manifest-merger-debug-report.txt
-- Merging decision tree log ---
manifest
ADDED from src/main/AndroidManifest.xml:2:1-421:12
INJECTED from src/main/AndroidManifest.xml:2:1-421:12
INJECTED from src/main/AndroidManifest.xml:2:1-421:12
INJECTED from src/main/AndroidManifest.xml:2:1-421:12
MERGED from [:common] AndroidManifest.xml:2:1-12:12
MERGED from [com.android.databinding:adapters:1.3.1] AndroidManifest.xml:17:1-26:12
MERGED from [com.android.databinding:library:1.3.1] AndroidManifest.xml:17:1-26:12
MERGED from [com.google.android:flexbox:0.3.1] AndroidManifest.xml:17:1-27:12
MERGED from [:xmpic] AndroidManifest.xml:2:1-10:12
MERGED from [com.aliyun.iot.sdk:account-oa-ui:0.0.6] AndroidManifest.xml:2:1-10:12
MERGED from [com.aliyun.iot.aep.sdk:account-oa:0.0.5] AndroidManifest.xml:2:1-9:12
MERGED from [com.aliyun.iot.aep.sdk:account:0.0.2.3] AndroidManifest.xml:2:1-9:12
MERGED from [com.aliyun.iot.aep.sdk:alog:0.0.5] AndroidManifest.xml:2:1-23:12
MERGED from [com.alibaba.sdk.android.openaccount:openaccount-ui-default:3.5.3.9] AndroidManifest.xml:2:1-107:12
MERGED from [com.alibaba.sdk.android.openaccount:openaccount-core:3.5.3.9] AndroidManifest.xml:2:1-25:12
MERGED from [com.android.support:design:28.0.0] AndroidManifest.xml:17:1-24:12
MERGED from [com.aliyun.iot.aep.sdk:sdk-framework:0.0.4.4] AndroidManifest.xml:2:1-11:12
MERGED from [com.android.support:multidex:1.0.3] AndroidManifest.xml:17:1-22:12
MERGED from [com.android.support.constraint:constraint-layout:1.1.3] AndroidManifest.xml:2:1-11:12
MERGED from [com.aliyun.alink.linksdk:public-tmp-ext-boneplugin:1.4.5.3] AndroidManifest.xml:2:1-16:12
MERGED from [com.aliyun.alink.linksdk:public-tmp:1.6.0.1] AndroidManifest.xml:2:1-21:12
MERGED from [com.aliyun.alink.linksdk:public-channel-gateway:1.6.1] AndroidManifest.xml:2:1-18:12
MERGED from [com.aliyun.alink.linksdk:public-cmp:1.6.0.1] AndroidManifest.xml:2:1-18:12
MERGED from [com.jakewharton:butterknife:9.0.0] AndroidManifest.xml:2:1-7:12
MERGED from [com.google.android.gms:play-services-auth:15.0.1] AndroidManifest.xml:17:1-39:12
MERGED from [com.google.android.gms:play-services-auth-api-phone:15.0.1] AndroidManifest.xml:2:1-7:12
MERGED from [com.google.android.gms:play-services-auth-base:15.0.1] AndroidManifest.xml:2:1-7:12
MERGED from [com.google.android.gms:play-services-base:15.0.1] AndroidManifest.xml:17:1-29:12
MERGED from [com.google.android.gms:play-services-tasks:15.0.1] AndroidManifest.xml:2:1-9:12
MERGED from [com.google.android.gms:play-services-basement:15.0.1] AndroidManifest.xml:17:1-28:12
MERGED from [com.android.support:support-v4:28.0.0] AndroidManifest.xml:17:1-22:12
MERGED from [com.android.support:recyclerview-v7:28.0.0] AndroidManifest.xml:17:1-22:12
MERGED from [com.linchaolong.android:imagepicker:1.5] AndroidManifest.xml:2:1-25:12
MERGED from [com.aliyun.iot.aep.sdk:threadpool:0.0.3] AndroidManifest.xml:2:1-6:12
MERGED from [com.android.support:appcompat-v7:28.0.0] AndroidManifest.xml:17:1-22:12
MERGED from [com.github.bumptech.glide:glide:4.8.0] AndroidManifest.xml:2:1-12:12
MERGED from [com.android.support:support-fragment:28.0.0] AndroidManifest.xml:17:1-22:12
MERGED from [com.android.support:animated-vector-drawable:28.0.0] AndroidManifest.xml:17:1-22:12
MERGED from [com.android.support:support-core-ui:28.0.0] AndroidManifest.xml:17:1-22:12
MERGED from [com.android.support:support-core-utils:28.0.0] AndroidManifest.xml:17:1-22:12
MERGED from [com.android.support:transition:28.0.0] AndroidManifest.xml:17:1-22:12
MERGED from [com.jakewharton:butterknife-runtime:9.0.0] AndroidManifest.xml:2:1-7:12
MERGED from [com.android.support:viewpager:28.0.0] AndroidManifest.xml:17:1-22:12
MERGED from [com.android.support:coordinatorlayout:28.0.0] AndroidManifest.xml:17:1-22:12
MERGED from [com.android.support:drawerlayout:28.0.0] AndroidManifest.xml:17:1-22:12
MERGED from [com.android.support:slidingpanelayout:28.0.0] AndroidManifest.xml:17:1-22:12
MERGED from [com.android.support:customview:28.0.0] AndroidManifest.xml:17:1-22:12
MERGED from [com.android.support:swiperefreshlayout:28.0.0] AndroidManifest.xml:17:1-22:12
MERGED from [com.android.support:asynclayoutinflater:28.0.0] AndroidManifest.xml:17:1-22:12
MERGED from [com.android.support:loader:28.0.0] AndroidManifest.xml:17:1-22:12
MERGED from [com.android.support:support-vector-drawable:28.0.0] AndroidManifest.xml:17:1-22:12
MERGED from [com.android.support:support-media-compat:28.0.0] AndroidManifest.xml:17:1-22:12
MERGED from [com.android.support:support-compat:28.0.0] AndroidManifest.xml:17:1-24:12
MERGED from [com.android.support:cardview-v7:28.0.0] AndroidManifest.xml:17:1-22:12
MERGED from [com.android.support:versionedparcelable:28.0.0] AndroidManifest.xml:17:1-25:12
MERGED from [android.arch.lifecycle:runtime:1.1.1] AndroidManifest.xml:17:1-22:12
MERGED from [com.android.support:interpolator:28.0.0] AndroidManifest.xml:17:1-22:12
MERGED from [com.android.support:cursoradapter:28.0.0] AndroidManifest.xml:17:1-22:12
MERGED from [com.android.support:documentfile:28.0.0] AndroidManifest.xml:17:1-22:12
MERGED from [com.android.support:localbroadcastmanager:28.0.0] AndroidManifest.xml:17:1-22:12
MERGED from [com.android.support:print:28.0.0] AndroidManifest.xml:17:1-22:12
MERGED from [android.arch.lifecycle:viewmodel:1.1.1] AndroidManifest.xml:17:1-22:12
MERGED from [com.github.bumptech.glide:gifdecoder:4.8.0] AndroidManifest.xml:2:1-11:12
MERGED from [android.arch.lifecycle:livedata:1.1.1] AndroidManifest.xml:17:1-22:12
MERGED from [android.arch.lifecycle:livedata-core:1.1.1] AndroidManifest.xml:17:1-22:12
MERGED from [android.arch.core:runtime:1.1.1] AndroidManifest.xml:17:1-22:12
MERGED from [io.reactivex.rxjava2:rxandroid:2.0.1] AndroidManifest.xml:15:1-21:12
MERGED from [com.facebook.fresco:fresco:1.3.0] AndroidManifest.xml:2:1-9:12
MERGED from [com.aliyun.iot.ilop.page:scan:0.0.1] AndroidManifest.xml:2:1-22:12
MERGED from [com.aliyun.iot.aep.sdk:push:0.0.3] AndroidManifest.xml:2:1-3:37
MERGED from [com.aliyun.alink.linksdk:api-client-biz:1.0.0] AndroidManifest.xml:2:1-17:12
MERGED from [com.aliyun.iot.aep.component:router-external:0.0.7] AndroidManifest.xml:2:1-7:12
MERGED from [com.aliyun.iot.aep.sdk:connectchannel:0.0.6] AndroidManifest.xml:2:1-9:12
MERGED from [com.aliyun.alink.linksdk:public-channel-mobile:1.4.0] AndroidManifest.xml:2:1-18:12
MERGED from [com.aliyun.iot.aep.sdk:apiclient:0.0.8.2] AndroidManifest.xml:2:1-7:12
MERGED from [com.aliyun.iot.aep.sdk:iot-credential:0.0.2.2] AndroidManifest.xml:2:1-9:12
MERGED from [com.aliyun.alink.linksdk:ilop-devicecenter-ext-boneplugin:1.3.0] AndroidManifest.xml:2:1-35:12
MERGED from [com.aliyun.alink.linksdk:ilop-devicecenter:1.3.0] AndroidManifest.xml:2:1-24:12
MERGED from [com.journeyapps:zxing-android-embedded:3.6.0] AndroidManifest.xml:17:1-56:12
MERGED from [com.facebook.fresco:drawee:1.3.0] AndroidManifest.xml:2:1-9:12
MERGED from [com.facebook.fresco:imagepipeline:1.3.0] AndroidManifest.xml:2:1-9:12
MERGED from [com.facebook.fresco:imagepipeline-base:1.3.0] AndroidManifest.xml:2:1-9:12
MERGED from [com.facebook.fresco:fbcore:1.3.0] AndroidManifest.xml:2:1-9:12
MERGED from [com.aliyun.iot.aep.sdk:router:0.0.5] AndroidManifest.xml:2:1-8:12
MERGED from [com.aliyun.iot.aep.sdk:scan:0.0.1.2] AndroidManifest.xml:2:1-18:12
MERGED from [com.aliyun.iot.aep.component:scan:0.0.1] AndroidManifest.xml:2:1-5:12
MERGED from [com.aliyun.iot.aep.sdk:abus:0.0.1] AndroidManifest.xml:2:1-11:12
MERGED from [com.aliyun.iot.aep.sdk.external:securityguard:5.4.94.2018-12-13-exclude-x86] AndroidManifest.xml:2:1-37:12
MERGED from [com.aliyun.alink.linksdk:public-channel-core:0.6.4] AndroidManifest.xml:2:1-19:12
MERGED from [com.aliyun.alink.linksdk:android_alink_id2:1.1.3] AndroidManifest.xml:2:1-29:12
MERGED from [com.aliyun.alink.linksdk:public-alcs-cmp:1.5.0.1] AndroidManifest.xml:2:1-18:12
MERGED from [com.aliyun.alink.linksdk:android_alcs_lpbs:1.3.0.1] AndroidManifest.xml:2:1-20:12
MERGED from [com.aliyun.alink.linksdk:tools:1.3.4] AndroidManifest.xml:2:1-16:12
MERGED from [com.aliyun.alink.linksdk:coap-sdk:1.5.0.3] AndroidManifest.xml:2:1-22:12
MERGED from [com.aliyun.ams:alicloud-android-push-iot:3.1.4.3] AndroidManifest.xml:2:1-177:12
MERGED from [com.aliyun.ams:alicloud-android-third-push:3.0.5] AndroidManifest.xml:2:1-72:12
MERGED from [com.aliyun.iot.aep.sdk:jsbridge:0.0.4] AndroidManifest.xml:2:1-9:12
MERGED from [com.aliyun.iot.aep.sdk:configmanager:0.0.1] AndroidManifest.xml:2:1-9:12
MERGED from [com.aliyun.dpa:oss-android-sdk:2.9.3] AndroidManifest.xml:2:1-22:12
MERGED from [com.aliyun.alink.linksdk:opensource-paho:1.2.0.3] AndroidManifest.xml:2:1-18:12
INJECTED from src/main/AndroidManifest.xml:2:1-421:12
INJECTED from src/main/AndroidManifest.xml:2:1-421:12
INJECTED from src/main/AndroidManifest.xml:2:1-421:12
	package
		ADDED from src/main/AndroidManifest.xml:4:5-43
		INJECTED from src/main/AndroidManifest.xml
		INJECTED from src/main/AndroidManifest.xml
	android:versionName
		INJECTED from src/main/AndroidManifest.xml
		ADDED from src/main/AndroidManifest.xml:2:1-421:12
		INJECTED from src/main/AndroidManifest.xml
	xmlns:tools
		ADDED from src/main/AndroidManifest.xml:3:5-51
	android:versionCode
		INJECTED from src/main/AndroidManifest.xml
		ADDED from src/main/AndroidManifest.xml:2:1-421:12
		INJECTED from src/main/AndroidManifest.xml
	xmlns:android
		ADDED from src/main/AndroidManifest.xml:2:11-69
uses-permission#android.permission.FOREGROUND_SERVICE
ADDED from src/main/AndroidManifest.xml:6:5-77
	android:name
		ADDED from src/main/AndroidManifest.xml:6:22-74
uses-permission#android.permission.INTERNET
ADDED from src/main/AndroidManifest.xml:7:5-67
MERGED from [com.aliyun.iot.aep.sdk:alog:0.0.5] AndroidManifest.xml:10:5-67
MERGED from [com.aliyun.iot.aep.sdk:alog:0.0.5] AndroidManifest.xml:10:5-67
MERGED from [com.alibaba.sdk.android.openaccount:openaccount-ui-default:3.5.3.9] AndroidManifest.xml:18:5-67
MERGED from [com.alibaba.sdk.android.openaccount:openaccount-ui-default:3.5.3.9] AndroidManifest.xml:18:5-67
MERGED from [com.alibaba.sdk.android.openaccount:openaccount-core:3.5.3.9] AndroidManifest.xml:18:5-67
MERGED from [com.alibaba.sdk.android.openaccount:openaccount-core:3.5.3.9] AndroidManifest.xml:18:5-67
MERGED from [com.aliyun.alink.linksdk:public-tmp-ext-boneplugin:1.4.5.3] AndroidManifest.xml:11:5-67
MERGED from [com.aliyun.alink.linksdk:public-tmp-ext-boneplugin:1.4.5.3] AndroidManifest.xml:11:5-67
MERGED from [com.aliyun.alink.linksdk:public-tmp:1.6.0.1] AndroidManifest.xml:17:5-67
MERGED from [com.aliyun.alink.linksdk:public-tmp:1.6.0.1] AndroidManifest.xml:17:5-67
MERGED from [com.aliyun.alink.linksdk:public-channel-gateway:1.6.1] AndroidManifest.xml:14:5-67
MERGED from [com.aliyun.alink.linksdk:public-channel-gateway:1.6.1] AndroidManifest.xml:14:5-67
MERGED from [com.aliyun.alink.linksdk:public-cmp:1.6.0.1] AndroidManifest.xml:14:5-67
MERGED from [com.aliyun.alink.linksdk:public-cmp:1.6.0.1] AndroidManifest.xml:14:5-67
MERGED from [com.aliyun.alink.linksdk:api-client-biz:1.0.0] AndroidManifest.xml:11:5-67
MERGED from [com.aliyun.alink.linksdk:api-client-biz:1.0.0] AndroidManifest.xml:11:5-67
MERGED from [com.aliyun.alink.linksdk:public-channel-mobile:1.4.0] AndroidManifest.xml:14:5-67
MERGED from [com.aliyun.alink.linksdk:public-channel-mobile:1.4.0] AndroidManifest.xml:14:5-67
MERGED from [com.aliyun.alink.linksdk:ilop-devicecenter-ext-boneplugin:1.3.0] AndroidManifest.xml:17:5-67
MERGED from [com.aliyun.alink.linksdk:ilop-devicecenter-ext-boneplugin:1.3.0] AndroidManifest.xml:17:5-67
MERGED from [com.aliyun.alink.linksdk:ilop-devicecenter:1.3.0] AndroidManifest.xml:13:5-67
MERGED from [com.aliyun.alink.linksdk:ilop-devicecenter:1.3.0] AndroidManifest.xml:13:5-67
MERGED from [com.aliyun.iot.aep.sdk:scan:0.0.1.2] AndroidManifest.xml:7:5-67
MERGED from [com.aliyun.iot.aep.sdk:scan:0.0.1.2] AndroidManifest.xml:7:5-67
MERGED from [com.aliyun.iot.aep.sdk.external:securityguard:5.4.94.2018-12-13-exclude-x86] AndroidManifest.xml:17:5-67
MERGED from [com.aliyun.iot.aep.sdk.external:securityguard:5.4.94.2018-12-13-exclude-x86] AndroidManifest.xml:17:5-67
MERGED from [com.aliyun.alink.linksdk:public-channel-core:0.6.4] AndroidManifest.xml:14:5-67
MERGED from [com.aliyun.alink.linksdk:public-channel-core:0.6.4] AndroidManifest.xml:14:5-67
MERGED from [com.aliyun.alink.linksdk:android_alink_id2:1.1.3] AndroidManifest.xml:16:5-67
MERGED from [com.aliyun.alink.linksdk:android_alink_id2:1.1.3] AndroidManifest.xml:16:5-67
MERGED from [com.aliyun.alink.linksdk:public-alcs-cmp:1.5.0.1] AndroidManifest.xml:14:5-67
MERGED from [com.aliyun.alink.linksdk:public-alcs-cmp:1.5.0.1] AndroidManifest.xml:14:5-67
MERGED from [com.aliyun.alink.linksdk:coap-sdk:1.5.0.3] AndroidManifest.xml:11:5-67
MERGED from [com.aliyun.alink.linksdk:coap-sdk:1.5.0.3] AndroidManifest.xml:11:5-67
MERGED from [com.aliyun.ams:alicloud-android-push-iot:3.1.4.3] AndroidManifest.xml:13:5-67
MERGED from [com.aliyun.ams:alicloud-android-push-iot:3.1.4.3] AndroidManifest.xml:13:5-67
MERGED from [com.aliyun.ams:alicloud-android-third-push:3.0.5] AndroidManifest.xml:21:5-67
MERGED from [com.aliyun.ams:alicloud-android-third-push:3.0.5] AndroidManifest.xml:21:5-67
MERGED from [com.aliyun.dpa:oss-android-sdk:2.9.3] AndroidManifest.xml:11:5-67
MERGED from [com.aliyun.dpa:oss-android-sdk:2.9.3] AndroidManifest.xml:11:5-67
MERGED from [com.aliyun.alink.linksdk:opensource-paho:1.2.0.3] AndroidManifest.xml:14:5-67
MERGED from [com.aliyun.alink.linksdk:opensource-paho:1.2.0.3] AndroidManifest.xml:14:5-67
	android:name
		ADDED from src/main/AndroidManifest.xml:7:22-64
uses-permission#android.permission.CAMERA
ADDED from src/main/AndroidManifest.xml:8:5-64
MERGED from [com.linchaolong.android:imagepicker:1.5] AndroidManifest.xml:9:5-65
MERGED from [com.linchaolong.android:imagepicker:1.5] AndroidManifest.xml:9:5-65
MERGED from [com.aliyun.alink.linksdk:ilop-devicecenter-ext-boneplugin:1.3.0] AndroidManifest.xml:30:5-65
MERGED from [com.aliyun.alink.linksdk:ilop-devicecenter-ext-boneplugin:1.3.0] AndroidManifest.xml:30:5-65
MERGED from [com.journeyapps:zxing-android-embedded:3.6.0] AndroidManifest.xml:22:5-65
MERGED from [com.journeyapps:zxing-android-embedded:3.6.0] AndroidManifest.xml:22:5-65
MERGED from [com.aliyun.iot.aep.sdk:scan:0.0.1.2] AndroidManifest.xml:6:5-65
MERGED from [com.aliyun.iot.aep.sdk:scan:0.0.1.2] AndroidManifest.xml:6:5-65
	android:name
		ADDED from src/main/AndroidManifest.xml:8:22-62
uses-permission#android.permission.SYSTEM_ALERT_WINDOW
ADDED from src/main/AndroidManifest.xml:9:5-78
	android:name
		ADDED from src/main/AndroidManifest.xml:9:22-75
uses-permission#android.permission.WRITE_EXTERNAL_STORAGE
ADDED from src/main/AndroidManifest.xml:10:5-81
MERGED from [com.aliyun.iot.aep.sdk:alog:0.0.5] AndroidManifest.xml:14:5-81
MERGED from [com.aliyun.iot.aep.sdk:alog:0.0.5] AndroidManifest.xml:14:5-81
MERGED from [com.alibaba.sdk.android.openaccount:openaccount-ui-default:3.5.3.9] AndroidManifest.xml:13:5-81
MERGED from [com.alibaba.sdk.android.openaccount:openaccount-ui-default:3.5.3.9] AndroidManifest.xml:13:5-81
MERGED from [com.alibaba.sdk.android.openaccount:openaccount-core:3.5.3.9] AndroidManifest.xml:13:5-81
MERGED from [com.alibaba.sdk.android.openaccount:openaccount-core:3.5.3.9] AndroidManifest.xml:13:5-81
MERGED from [com.linchaolong.android:imagepicker:1.5] AndroidManifest.xml:10:5-81
MERGED from [com.linchaolong.android:imagepicker:1.5] AndroidManifest.xml:10:5-81
MERGED from [com.aliyun.alink.linksdk:ilop-devicecenter-ext-boneplugin:1.3.0] AndroidManifest.xml:11:5-81
MERGED from [com.aliyun.alink.linksdk:ilop-devicecenter-ext-boneplugin:1.3.0] AndroidManifest.xml:11:5-81
MERGED from [com.aliyun.iot.aep.sdk:scan:0.0.1.2] AndroidManifest.xml:10:5-81
MERGED from [com.aliyun.iot.aep.sdk:scan:0.0.1.2] AndroidManifest.xml:10:5-81
MERGED from [com.aliyun.iot.aep.sdk.external:securityguard:5.4.94.2018-12-13-exclude-x86] AndroidManifest.xml:12:5-81
MERGED from [com.aliyun.iot.aep.sdk.external:securityguard:5.4.94.2018-12-13-exclude-x86] AndroidManifest.xml:12:5-81
MERGED from [com.aliyun.alink.linksdk:android_alink_id2:1.1.3] AndroidManifest.xml:11:5-81
MERGED from [com.aliyun.alink.linksdk:android_alink_id2:1.1.3] AndroidManifest.xml:11:5-81
MERGED from [com.aliyun.ams:alicloud-android-push-iot:3.1.4.3] AndroidManifest.xml:16:5-81
MERGED from [com.aliyun.ams:alicloud-android-push-iot:3.1.4.3] AndroidManifest.xml:16:5-81
MERGED from [com.aliyun.ams:alicloud-android-push-iot:3.1.4.3] AndroidManifest.xml:26:5-81
MERGED from [com.aliyun.ams:alicloud-android-push-iot:3.1.4.3] AndroidManifest.xml:26:5-81
MERGED from [com.aliyun.dpa:oss-android-sdk:2.9.3] AndroidManifest.xml:14:5-81
MERGED from [com.aliyun.dpa:oss-android-sdk:2.9.3] AndroidManifest.xml:14:5-81
	android:name
		ADDED from src/main/AndroidManifest.xml:10:22-78
uses-permission#android.permission.ACCESS_NETWORK_STATE
ADDED from src/main/AndroidManifest.xml:11:5-79
MERGED from [com.aliyun.iot.sdk:account-oa-ui:0.0.6] AndroidManifest.xml:5:5-79
MERGED from [com.aliyun.iot.sdk:account-oa-ui:0.0.6] AndroidManifest.xml:5:5-79
MERGED from [com.aliyun.iot.aep.sdk:alog:0.0.5] AndroidManifest.xml:11:5-79
MERGED from [com.aliyun.iot.aep.sdk:alog:0.0.5] AndroidManifest.xml:11:5-79
MERGED from [com.alibaba.sdk.android.openaccount:openaccount-ui-default:3.5.3.9] AndroidManifest.xml:14:5-79
MERGED from [com.alibaba.sdk.android.openaccount:openaccount-ui-default:3.5.3.9] AndroidManifest.xml:14:5-79
MERGED from [com.alibaba.sdk.android.openaccount:openaccount-core:3.5.3.9] AndroidManifest.xml:14:5-79
MERGED from [com.alibaba.sdk.android.openaccount:openaccount-core:3.5.3.9] AndroidManifest.xml:14:5-79
MERGED from [com.aliyun.alink.linksdk:ilop-devicecenter-ext-boneplugin:1.3.0] AndroidManifest.xml:12:5-79
MERGED from [com.aliyun.alink.linksdk:ilop-devicecenter-ext-boneplugin:1.3.0] AndroidManifest.xml:12:5-79
MERGED from [com.aliyun.alink.linksdk:ilop-devicecenter:1.3.0] AndroidManifest.xml:17:5-79
MERGED from [com.aliyun.alink.linksdk:ilop-devicecenter:1.3.0] AndroidManifest.xml:17:5-79
MERGED from [com.aliyun.iot.aep.sdk.external:securityguard:5.4.94.2018-12-13-exclude-x86] AndroidManifest.xml:13:5-79
MERGED from [com.aliyun.iot.aep.sdk.external:securityguard:5.4.94.2018-12-13-exclude-x86] AndroidManifest.xml:13:5-79
MERGED from [com.aliyun.alink.linksdk:public-channel-core:0.6.4] AndroidManifest.xml:15:5-79
MERGED from [com.aliyun.alink.linksdk:public-channel-core:0.6.4] AndroidManifest.xml:15:5-79
MERGED from [com.aliyun.alink.linksdk:android_alink_id2:1.1.3] AndroidManifest.xml:12:5-79
MERGED from [com.aliyun.alink.linksdk:android_alink_id2:1.1.3] AndroidManifest.xml:12:5-79
MERGED from [com.aliyun.ams:alicloud-android-push-iot:3.1.4.3] AndroidManifest.xml:14:5-79
MERGED from [com.aliyun.ams:alicloud-android-push-iot:3.1.4.3] AndroidManifest.xml:14:5-79
MERGED from [com.aliyun.ams:alicloud-android-third-push:3.0.5] AndroidManifest.xml:20:5-79
MERGED from [com.aliyun.ams:alicloud-android-third-push:3.0.5] AndroidManifest.xml:20:5-79
MERGED from [com.aliyun.iot.aep.sdk:configmanager:0.0.1] AndroidManifest.xml:5:5-79
MERGED from [com.aliyun.iot.aep.sdk:configmanager:0.0.1] AndroidManifest.xml:5:5-79
MERGED from [com.aliyun.dpa:oss-android-sdk:2.9.3] AndroidManifest.xml:12:5-79
MERGED from [com.aliyun.dpa:oss-android-sdk:2.9.3] AndroidManifest.xml:12:5-79
	android:name
		ADDED from src/main/AndroidManifest.xml:11:22-76
uses-permission#android.permission.ACCESS_WIFI_STATE
ADDED from src/main/AndroidManifest.xml:12:5-76
MERGED from [com.aliyun.iot.aep.sdk:alog:0.0.5] AndroidManifest.xml:12:5-76
MERGED from [com.aliyun.iot.aep.sdk:alog:0.0.5] AndroidManifest.xml:12:5-76
MERGED from [com.alibaba.sdk.android.openaccount:openaccount-ui-default:3.5.3.9] AndroidManifest.xml:15:5-76
MERGED from [com.alibaba.sdk.android.openaccount:openaccount-ui-default:3.5.3.9] AndroidManifest.xml:15:5-76
MERGED from [com.alibaba.sdk.android.openaccount:openaccount-core:3.5.3.9] AndroidManifest.xml:15:5-76
MERGED from [com.alibaba.sdk.android.openaccount:openaccount-core:3.5.3.9] AndroidManifest.xml:15:5-76
MERGED from [com.aliyun.alink.linksdk:public-tmp:1.6.0.1] AndroidManifest.xml:14:5-76
MERGED from [com.aliyun.alink.linksdk:public-tmp:1.6.0.1] AndroidManifest.xml:14:5-76
MERGED from [com.aliyun.alink.linksdk:ilop-devicecenter-ext-boneplugin:1.3.0] AndroidManifest.xml:13:5-76
MERGED from [com.aliyun.alink.linksdk:ilop-devicecenter-ext-boneplugin:1.3.0] AndroidManifest.xml:13:5-76
MERGED from [com.aliyun.alink.linksdk:ilop-devicecenter:1.3.0] AndroidManifest.xml:14:5-76
MERGED from [com.aliyun.alink.linksdk:ilop-devicecenter:1.3.0] AndroidManifest.xml:14:5-76
MERGED from [com.aliyun.iot.aep.sdk.external:securityguard:5.4.94.2018-12-13-exclude-x86] AndroidManifest.xml:14:5-76
MERGED from [com.aliyun.iot.aep.sdk.external:securityguard:5.4.94.2018-12-13-exclude-x86] AndroidManifest.xml:14:5-76
MERGED from [com.aliyun.alink.linksdk:android_alink_id2:1.1.3] AndroidManifest.xml:13:5-76
MERGED from [com.aliyun.alink.linksdk:android_alink_id2:1.1.3] AndroidManifest.xml:13:5-76
MERGED from [com.aliyun.alink.linksdk:coap-sdk:1.5.0.3] AndroidManifest.xml:14:5-76
MERGED from [com.aliyun.alink.linksdk:coap-sdk:1.5.0.3] AndroidManifest.xml:14:5-76
MERGED from [com.aliyun.ams:alicloud-android-push-iot:3.1.4.3] AndroidManifest.xml:15:5-76
MERGED from [com.aliyun.ams:alicloud-android-push-iot:3.1.4.3] AndroidManifest.xml:15:5-76
MERGED from [com.aliyun.dpa:oss-android-sdk:2.9.3] AndroidManifest.xml:13:5-76
MERGED from [com.aliyun.dpa:oss-android-sdk:2.9.3] AndroidManifest.xml:13:5-76
	android:name
		ADDED from src/main/AndroidManifest.xml:12:22-73
uses-permission#android.permission.READ_PHONE_STATE
ADDED from src/main/AndroidManifest.xml:13:5-75
MERGED from [com.alibaba.sdk.android.openaccount:openaccount-ui-default:3.5.3.9] AndroidManifest.xml:16:5-75
MERGED from [com.alibaba.sdk.android.openaccount:openaccount-ui-default:3.5.3.9] AndroidManifest.xml:16:5-75
MERGED from [com.alibaba.sdk.android.openaccount:openaccount-core:3.5.3.9] AndroidManifest.xml:16:5-75
MERGED from [com.alibaba.sdk.android.openaccount:openaccount-core:3.5.3.9] AndroidManifest.xml:16:5-75
MERGED from [com.aliyun.alink.linksdk:api-client-biz:1.0.0] AndroidManifest.xml:12:5-75
MERGED from [com.aliyun.alink.linksdk:api-client-biz:1.0.0] AndroidManifest.xml:12:5-75
MERGED from [com.aliyun.alink.linksdk:ilop-devicecenter-ext-boneplugin:1.3.0] AndroidManifest.xml:14:5-75
MERGED from [com.aliyun.alink.linksdk:ilop-devicecenter-ext-boneplugin:1.3.0] AndroidManifest.xml:14:5-75
MERGED from [com.aliyun.iot.aep.sdk.external:securityguard:5.4.94.2018-12-13-exclude-x86] AndroidManifest.xml:15:5-75
MERGED from [com.aliyun.iot.aep.sdk.external:securityguard:5.4.94.2018-12-13-exclude-x86] AndroidManifest.xml:15:5-75
MERGED from [com.aliyun.ams:alicloud-android-push-iot:3.1.4.3] AndroidManifest.xml:18:5-75
MERGED from [com.aliyun.ams:alicloud-android-push-iot:3.1.4.3] AndroidManifest.xml:18:5-75
	android:name
		ADDED from src/main/AndroidManifest.xml:13:22-72
uses-permission#android.permission.READ_SETTINGS
ADDED from src/main/AndroidManifest.xml:14:5-72
MERGED from [com.alibaba.sdk.android.openaccount:openaccount-ui-default:3.5.3.9] AndroidManifest.xml:17:5-72
MERGED from [com.alibaba.sdk.android.openaccount:openaccount-ui-default:3.5.3.9] AndroidManifest.xml:17:5-72
MERGED from [com.alibaba.sdk.android.openaccount:openaccount-core:3.5.3.9] AndroidManifest.xml:17:5-72
MERGED from [com.alibaba.sdk.android.openaccount:openaccount-core:3.5.3.9] AndroidManifest.xml:17:5-72
MERGED from [com.aliyun.alink.linksdk:ilop-devicecenter-ext-boneplugin:1.3.0] AndroidManifest.xml:15:5-72
MERGED from [com.aliyun.alink.linksdk:ilop-devicecenter-ext-boneplugin:1.3.0] AndroidManifest.xml:15:5-72
MERGED from [com.aliyun.iot.aep.sdk.external:securityguard:5.4.94.2018-12-13-exclude-x86] AndroidManifest.xml:19:5-72
MERGED from [com.aliyun.iot.aep.sdk.external:securityguard:5.4.94.2018-12-13-exclude-x86] AndroidManifest.xml:19:5-72
MERGED from [com.aliyun.alink.linksdk:android_alink_id2:1.1.3] AndroidManifest.xml:14:5-72
MERGED from [com.aliyun.alink.linksdk:android_alink_id2:1.1.3] AndroidManifest.xml:14:5-72
	android:name
		ADDED from src/main/AndroidManifest.xml:14:22-69
uses-permission#android.permission.READ_EXTERNAL_STORAGE
ADDED from src/main/AndroidManifest.xml:15:5-80
MERGED from [com.alibaba.sdk.android.openaccount:openaccount-ui-default:3.5.3.9] AndroidManifest.xml:19:5-80
MERGED from [com.alibaba.sdk.android.openaccount:openaccount-ui-default:3.5.3.9] AndroidManifest.xml:19:5-80
MERGED from [com.alibaba.sdk.android.openaccount:openaccount-core:3.5.3.9] AndroidManifest.xml:19:5-80
MERGED from [com.alibaba.sdk.android.openaccount:openaccount-core:3.5.3.9] AndroidManifest.xml:19:5-80
MERGED from [com.linchaolong.android:imagepicker:1.5] AndroidManifest.xml:11:5-80
MERGED from [com.linchaolong.android:imagepicker:1.5] AndroidManifest.xml:11:5-80
MERGED from [com.aliyun.alink.linksdk:ilop-devicecenter-ext-boneplugin:1.3.0] AndroidManifest.xml:18:5-80
MERGED from [com.aliyun.alink.linksdk:ilop-devicecenter-ext-boneplugin:1.3.0] AndroidManifest.xml:18:5-80
MERGED from [com.aliyun.iot.aep.sdk.external:securityguard:5.4.94.2018-12-13-exclude-x86] AndroidManifest.xml:11:5-80
MERGED from [com.aliyun.iot.aep.sdk.external:securityguard:5.4.94.2018-12-13-exclude-x86] AndroidManifest.xml:11:5-80
MERGED from [com.aliyun.alink.linksdk:android_alink_id2:1.1.3] AndroidManifest.xml:17:5-80
MERGED from [com.aliyun.alink.linksdk:android_alink_id2:1.1.3] AndroidManifest.xml:17:5-80
MERGED from [com.aliyun.ams:alicloud-android-push-iot:3.1.4.3] AndroidManifest.xml:25:5-80
MERGED from [com.aliyun.ams:alicloud-android-push-iot:3.1.4.3] AndroidManifest.xml:25:5-80
	android:name
		ADDED from src/main/AndroidManifest.xml:15:22-77
uses-permission#android.permission.BLUETOOTH
ADDED from src/main/AndroidManifest.xml:16:5-68
MERGED from [com.aliyun.alink.linksdk:ilop-devicecenter-ext-boneplugin:1.3.0] AndroidManifest.xml:21:5-68
MERGED from [com.aliyun.alink.linksdk:ilop-devicecenter-ext-boneplugin:1.3.0] AndroidManifest.xml:21:5-68
MERGED from [com.aliyun.iot.aep.sdk.external:securityguard:5.4.94.2018-12-13-exclude-x86] AndroidManifest.xml:18:5-68
MERGED from [com.aliyun.iot.aep.sdk.external:securityguard:5.4.94.2018-12-13-exclude-x86] AndroidManifest.xml:18:5-68
	android:name
		ADDED from src/main/AndroidManifest.xml:16:22-65
uses-permission#android.permission.BLUETOOTH_ADMIN
ADDED from src/main/AndroidManifest.xml:17:5-74
MERGED from [com.aliyun.alink.linksdk:ilop-devicecenter-ext-boneplugin:1.3.0] AndroidManifest.xml:22:5-74
MERGED from [com.aliyun.alink.linksdk:ilop-devicecenter-ext-boneplugin:1.3.0] AndroidManifest.xml:22:5-74
	android:name
		ADDED from src/main/AndroidManifest.xml:17:22-71
uses-permission#android.permission.ACCESS_COARSE_LOCATION
ADDED from src/main/AndroidManifest.xml:18:5-81
MERGED from [com.aliyun.alink.linksdk:ilop-devicecenter-ext-boneplugin:1.3.0] AndroidManifest.xml:23:5-81
MERGED from [com.aliyun.alink.linksdk:ilop-devicecenter-ext-boneplugin:1.3.0] AndroidManifest.xml:23:5-81
	android:name
		ADDED from src/main/AndroidManifest.xml:18:22-78
uses-permission#android.permission.CHANGE_WIFI_MULTICAST_STATE
ADDED from src/main/AndroidManifest.xml:19:5-86
MERGED from [com.aliyun.alink.linksdk:public-tmp:1.6.0.1] AndroidManifest.xml:15:5-86
MERGED from [com.aliyun.alink.linksdk:public-tmp:1.6.0.1] AndroidManifest.xml:15:5-86
MERGED from [com.aliyun.alink.linksdk:ilop-devicecenter-ext-boneplugin:1.3.0] AndroidManifest.xml:24:5-86
MERGED from [com.aliyun.alink.linksdk:ilop-devicecenter-ext-boneplugin:1.3.0] AndroidManifest.xml:24:5-86
MERGED from [com.aliyun.alink.linksdk:ilop-devicecenter:1.3.0] AndroidManifest.xml:15:5-86
MERGED from [com.aliyun.alink.linksdk:ilop-devicecenter:1.3.0] AndroidManifest.xml:15:5-86
MERGED from [com.aliyun.alink.linksdk:android_alink_id2:1.1.3] AndroidManifest.xml:18:5-86
MERGED from [com.aliyun.alink.linksdk:android_alink_id2:1.1.3] AndroidManifest.xml:18:5-86
MERGED from [com.aliyun.alink.linksdk:coap-sdk:1.5.0.3] AndroidManifest.xml:13:5-86
MERGED from [com.aliyun.alink.linksdk:coap-sdk:1.5.0.3] AndroidManifest.xml:13:5-86
	android:name
		ADDED from src/main/AndroidManifest.xml:19:22-83
uses-permission#android.permission.CHANGE_WIFI_STATE
ADDED from src/main/AndroidManifest.xml:20:5-76
MERGED from [com.aliyun.alink.linksdk:public-tmp:1.6.0.1] AndroidManifest.xml:16:5-76
MERGED from [com.aliyun.alink.linksdk:public-tmp:1.6.0.1] AndroidManifest.xml:16:5-76
MERGED from [com.aliyun.alink.linksdk:ilop-devicecenter-ext-boneplugin:1.3.0] AndroidManifest.xml:25:5-76
MERGED from [com.aliyun.alink.linksdk:ilop-devicecenter-ext-boneplugin:1.3.0] AndroidManifest.xml:25:5-76
MERGED from [com.aliyun.alink.linksdk:ilop-devicecenter:1.3.0] AndroidManifest.xml:16:5-76
MERGED from [com.aliyun.alink.linksdk:ilop-devicecenter:1.3.0] AndroidManifest.xml:16:5-76
MERGED from [com.aliyun.alink.linksdk:android_alink_id2:1.1.3] AndroidManifest.xml:19:5-76
MERGED from [com.aliyun.alink.linksdk:android_alink_id2:1.1.3] AndroidManifest.xml:19:5-76
MERGED from [com.aliyun.dpa:oss-android-sdk:2.9.3] AndroidManifest.xml:15:5-76
MERGED from [com.aliyun.dpa:oss-android-sdk:2.9.3] AndroidManifest.xml:15:5-76
	android:name
		ADDED from src/main/AndroidManifest.xml:20:22-73
uses-permission#android.permission.CHANGE_NETWORK_STATE
ADDED from src/main/AndroidManifest.xml:21:5-79
MERGED from [com.aliyun.alink.linksdk:ilop-devicecenter-ext-boneplugin:1.3.0] AndroidManifest.xml:26:5-79
MERGED from [com.aliyun.alink.linksdk:ilop-devicecenter-ext-boneplugin:1.3.0] AndroidManifest.xml:26:5-79
MERGED from [com.aliyun.alink.linksdk:ilop-devicecenter:1.3.0] AndroidManifest.xml:19:5-79
MERGED from [com.aliyun.alink.linksdk:ilop-devicecenter:1.3.0] AndroidManifest.xml:19:5-79
MERGED from [com.aliyun.alink.linksdk:android_alink_id2:1.1.3] AndroidManifest.xml:20:5-79